<?xml version="1.0" encoding="UTF-8"?>
<!-- Generated by org.testng.reporters.JUnitXMLReporter -->
<testsuite hostname="WKWIN4423293" ignored="0" name="Chrome" tests="1" failures="1" timestamp="03 Jan 2022 15:54:02 GMT" time="5.26" errors="0">
  <testcase name="tc1" time="5.226" classname="org.testng.Flipkart">
    <failure type="java.lang.NullPointerException">
      <![CDATA[java.lang.NullPointerException
at org.base.BaseClass.LaunchUrl(BaseClass.java:35)
... Removed 26 stack frames]]>
    </failure>
  </testcase> <!-- tc1 -->
</testsuite> <!-- Chrome -->
